# JRE version: Java(TM) SE Runtime Environment 18.9 (11.0.17+10) (build 11.0.17+10-LTS-269)
# Java VM: Java HotSpot(TM) 64-Bit Server VM 18.9 (11.0.17+10-LTS-269, mixed mode, tiered, compressed oops, g1 gc, windows-amd64)
Heap:
 garbage-first heap   total 522240K, used 57549K [0x0000000602800000, 0x0000000800000000)
  region size 2048K, 27 young (55296K), 3 survivors (6144K)
 Metaspace       used 30322K, capacity 31108K, committed 31232K, reserved 1077248K
  class space    used 3432K, capacity 3745K, committed 3840K, reserved 1048576K
GC Heap History (6 events):
Event: 0.974 GC heap before
{Heap before GC invocations=0 (full 0):
 garbage-first heap   total 522240K, used 22528K [0x0000000602800000, 0x0000000800000000)
  region size 2048K, 12 young (24576K), 0 survivors (0K)
 Metaspace       used 11731K, capacity 11981K, committed 12032K, reserved 1060864K
  class space    used 1174K, capacity 1254K, committed 1280K, reserved 1048576K
}
Event: 0.977 GC heap after
{Heap after GC invocations=1 (full 0):
 garbage-first heap   total 522240K, used 6059K [0x0000000602800000, 0x0000000800000000)
  region size 2048K, 2 young (4096K), 2 survivors (4096K)
 Metaspace       used 11731K, capacity 11981K, committed 12032K, reserved 1060864K
  class space    used 1174K, capacity 1254K, committed 1280K, reserved 1048576K
}
Event: 1.421 GC heap before
{Heap before GC invocations=1 (full 0):
 garbage-first heap   total 522240K, used 49067K [0x0000000602800000, 0x0000000800000000)
  region size 2048K, 24 young (49152K), 2 survivors (4096K)
 Metaspace       used 20681K, capacity 21149K, committed 21248K, reserved 1069056K
  class space    used 2272K, capacity 2476K, committed 2560K, reserved 1048576K
}
Event: 1.425 GC heap after
{Heap after GC invocations=2 (full 0):
 garbage-first heap   total 522240K, used 8107K [0x0000000602800000, 0x0000000800000000)
  region size 2048K, 3 young (6144K), 3 survivors (6144K)
 Metaspace       used 20681K, capacity 21149K, committed 21248K, reserved 1069056K
  class space    used 2272K, capacity 2476K, committed 2560K, reserved 1048576K
}
Event: 9.678 GC heap before
{Heap before GC invocations=3 (full 0):
 garbage-first heap   total 522240K, used 53163K [0x0000000602800000, 0x0000000800000000)
  region size 2048K, 26 young (53248K), 3 survivors (6144K)
 Metaspace       used 25448K, capacity 26088K, committed 26240K, reserved 1073152K
  class space    used 2846K, capacity 3102K, committed 3200K, reserved 1048576K
}
Event: 9.682 GC heap after
{Heap after GC invocations=4 (full 0):
 garbage-first heap   total 522240K, used 10445K [0x0000000602800000, 0x0000000800000000)
  region size 2048K, 3 young (6144K), 3 survivors (6144K)
 Metaspace       used 25448K, capacity 26088K, committed 26240K, reserved 1073152K
  class space    used 2846K, capacity 3102K, committed 3200K, reserved 1048576K
}

